[2023/11/06 16:02:01 CST] [INFO] (tradeApi/trade.(*Api).LoadCfg:81) load cfg success!!
[2023/11/06 16:02:01 CST] [DEBG] (github.com/864811699/T0kdb.(*tradeKdb).connect:56) connected with host: 115.238.186.119, port: 40000
[2023/11/06 16:02:01 CST] [EROR] (github.com/864811699/T0kdb.(*tradeKdb).updateAfterReboot:344) query err: -
[2023/11/06 16:02:01 CST] [DEBG] (github.com/864811699/T0kdb.(*tradeKdb).subscribe:61) Subscribing Kdb, table: request, sym: [zt0672i--- zt0672iRZ--- testxq]
[2023/11/06 16:02:01 CST] [DEBG] (github.com/864811699/T0kdb.(*tradeKdb).subscribe:61) Subscribing Kdb, table: HeartBeat, sym: []
[2023/11/06 16:02:01 CST] [INFO] (tradeApi/trade.(*Api).login:114) trader[{"ret":0,"nickname":"zh2023"}] login success
[2023/11/06 16:02:01 CST] [INFO] (tradeApi/trade.(*Api).login:129) account query success,trade.AccountInfoRsp{SignalRsp:trade.SignalRsp{Ret:0}, AccountInfos:[]*trade.ActInfo{(*trade.ActInfo)(0xc0003145b8), (*trade.ActInfo)(0xc0003145d0), (*trade.ActInfo)(0xc0003145e8), (*trade.ActInfo)(0xc000314600)}}
[2023/11/06 16:02:01 CST] [INFO] (tradeApi/trade.(*Api).RunApi:93) API run success!
[2023/11/06 16:02:01 CST] [INFO] (tradeApi/trade.(*Api).update.func1:267) ::::::Update Return::::::
[2023/11/06 16:02:02 CST] [DEBG] (github.com/864811699/T0kdb.(*tradeKdb).readFromKdb.func1:107) KDB HeartBeat
[2023/11/06 16:02:22 CST] [DEBG] (github.com/864811699/T0kdb.(*tradeKdb).readFromKdb.func1:107) KDB HeartBeat
[2023/11/06 16:02:42 CST] [DEBG] (github.com/864811699/T0kdb.(*tradeKdb).readFromKdb.func1:107) KDB HeartBeat
[2023/11/06 16:03:02 CST] [DEBG] (github.com/864811699/T0kdb.(*tradeKdb).readFromKdb.func1:107) KDB HeartBeat
[2023/11/06 16:03:22 CST] [DEBG] (github.com/864811699/T0kdb.(*tradeKdb).readFromKdb.func1:107) KDB HeartBeat
[2023/11/06 16:03:42 CST] [DEBG] (github.com/864811699/T0kdb.(*tradeKdb).readFromKdb.func1:107) KDB HeartBeat
[2023/11/06 16:04:02 CST] [DEBG] (github.com/864811699/T0kdb.(*tradeKdb).readFromKdb.func1:107) KDB HeartBeat
[2023/11/06 16:04:22 CST] [DEBG] (github.com/864811699/T0kdb.(*tradeKdb).readFromKdb.func1:107) KDB HeartBeat
[2023/11/06 16:04:42 CST] [DEBG] (github.com/864811699/T0kdb.(*tradeKdb).readFromKdb.func1:107) KDB HeartBeat
[2023/11/06 16:05:02 CST] [DEBG] (github.com/864811699/T0kdb.(*tradeKdb).readFromKdb.func1:107) KDB HeartBeat
[2023/11/06 16:05:22 CST] [DEBG] (github.com/864811699/T0kdb.(*tradeKdb).readFromKdb.func1:107) KDB HeartBeat
[2023/11/06 16:05:42 CST] [DEBG] (github.com/864811699/T0kdb.(*tradeKdb).readFromKdb.func1:107) KDB HeartBeat
[2023/11/06 16:06:02 CST] [DEBG] (github.com/864811699/T0kdb.(*tradeKdb).readFromKdb.func1:107) KDB HeartBeat
[2023/11/06 16:06:22 CST] [DEBG] (github.com/864811699/T0kdb.(*tradeKdb).readFromKdb.func1:107) KDB HeartBeat
[2023/11/06 16:06:42 CST] [DEBG] (github.com/864811699/T0kdb.(*tradeKdb).readFromKdb.func1:107) KDB HeartBeat
[2023/11/06 16:07:02 CST] [DEBG] (github.com/864811699/T0kdb.(*tradeKdb).readFromKdb.func1:107) KDB HeartBeat
[2023/11/06 16:07:22 CST] [DEBG] (github.com/864811699/T0kdb.(*tradeKdb).readFromKdb.func1:107) KDB HeartBeat
[2023/11/06 16:07:42 CST] [DEBG] (github.com/864811699/T0kdb.(*tradeKdb).readFromKdb.func1:107) KDB HeartBeat
[2023/11/06 16:08:02 CST] [DEBG] (github.com/864811699/T0kdb.(*tradeKdb).readFromKdb.func1:107) KDB HeartBeat
[2023/11/06 16:08:22 CST] [DEBG] (github.com/864811699/T0kdb.(*tradeKdb).readFromKdb.func1:107) KDB HeartBeat
[2023/11/06 16:08:42 CST] [DEBG] (github.com/864811699/T0kdb.(*tradeKdb).readFromKdb.func1:107) KDB HeartBeat
[2023/11/06 16:09:02 CST] [DEBG] (github.com/864811699/T0kdb.(*tradeKdb).readFromKdb.func1:107) KDB HeartBeat
[2023/11/06 16:09:22 CST] [DEBG] (github.com/864811699/T0kdb.(*tradeKdb).readFromKdb.func1:107) KDB HeartBeat
[2023/11/06 16:09:42 CST] [DEBG] (github.com/864811699/T0kdb.(*tradeKdb).readFromKdb.func1:107) KDB HeartBeat
[2023/11/06 16:10:02 CST] [DEBG] (github.com/864811699/T0kdb.(*tradeKdb).readFromKdb.func1:107) KDB HeartBeat
[2023/11/06 16:10:22 CST] [DEBG] (github.com/864811699/T0kdb.(*tradeKdb).readFromKdb.func1:107) KDB HeartBeat
[2023/11/06 16:10:42 CST] [DEBG] (github.com/864811699/T0kdb.(*tradeKdb).readFromKdb.func1:107) KDB HeartBeat
[2023/11/06 16:11:02 CST] [DEBG] (github.com/864811699/T0kdb.(*tradeKdb).readFromKdb.func1:107) KDB HeartBeat
[2023/11/06 16:11:22 CST] [DEBG] (github.com/864811699/T0kdb.(*tradeKdb).readFromKdb.func1:107) KDB HeartBeat
[2023/11/06 16:11:42 CST] [DEBG] (github.com/864811699/T0kdb.(*tradeKdb).readFromKdb.func1:107) KDB HeartBeat
[2023/11/06 16:12:02 CST] [DEBG] (github.com/864811699/T0kdb.(*tradeKdb).readFromKdb.func1:107) KDB HeartBeat
[2023/11/06 16:12:22 CST] [DEBG] (github.com/864811699/T0kdb.(*tradeKdb).readFromKdb.func1:107) KDB HeartBeat
[2023/11/06 16:12:42 CST] [DEBG] (github.com/864811699/T0kdb.(*tradeKdb).readFromKdb.func1:107) KDB HeartBeat
[2023/11/06 16:13:02 CST] [DEBG] (github.com/864811699/T0kdb.(*tradeKdb).readFromKdb.func1:107) KDB HeartBeat
[2023/11/06 16:13:22 CST] [DEBG] (github.com/864811699/T0kdb.(*tradeKdb).readFromKdb.func1:107) KDB HeartBeat
[2023/11/06 16:13:42 CST] [DEBG] (github.com/864811699/T0kdb.(*tradeKdb).readFromKdb.func1:107) KDB HeartBeat
[2023/11/06 16:14:02 CST] [DEBG] (github.com/864811699/T0kdb.(*tradeKdb).readFromKdb.func1:107) KDB HeartBeat
[2023/11/06 16:14:22 CST] [DEBG] (github.com/864811699/T0kdb.(*tradeKdb).readFromKdb.func1:107) KDB HeartBeat
[2023/11/06 16:14:42 CST] [DEBG] (github.com/864811699/T0kdb.(*tradeKdb).readFromKdb.func1:107) KDB HeartBeat
[2023/11/06 16:15:02 CST] [DEBG] (github.com/864811699/T0kdb.(*tradeKdb).readFromKdb.func1:107) KDB HeartBeat
[2023/11/06 16:15:22 CST] [DEBG] (github.com/864811699/T0kdb.(*tradeKdb).readFromKdb.func1:107) KDB HeartBeat
[2023/11/06 16:15:42 CST] [DEBG] (github.com/864811699/T0kdb.(*tradeKdb).readFromKdb.func1:107) KDB HeartBeat
[2023/11/06 16:15:51 CST] [DEBG] (github.com/864811699/T0kdb.process.func1.1:52) new order: &kdbtdx.Order{Request:kdbtdx.Request{basic:kdbtdx.basic{Sym:"testxq", Qid:"111"}, ReqType:1, Time:time.Date(2023, time.November, 6, 16, 15, 58, 508000000, time.UTC), ParentId:"", Trader:"aaa", Fund:"", Strategy:"", Broker:"", Stockcode:"601818", Stocktype:0, Side:1, Askprice:3.1, Ordertype:1, Orderqty:100, Algorithm:"", Params:""}, OrderId:"", SecurityId:"", EntrustNo:0, CumQty:0, AvgPx:0, Withdraw:0, Status:0, Note:"{\"request\":{\"side\":8}}"}
[2023/11/06 16:15:52 CST] [INFO] (tradeApi/trade.(*Api).Trade:196) trade fail,order[kdbtdx.Order{Request:kdbtdx.Request{basic:kdbtdx.basic{Sym:"testxq", Qid:"111"}, ReqType:1, Time:time.Date(2023, time.November, 6, 16, 15, 58, 508000000, time.UTC), ParentId:"", Trader:"aaa", Fund:"", Strategy:"", Broker:"", Stockcode:"601818", Stocktype:0, Side:1, Askprice:3.1, Ordertype:1, Orderqty:100, Algorithm:"", Params:""}, OrderId:"", SecurityId:"", EntrustNo:1, CumQty:0, AvgPx:0, Withdraw:0, Status:6, Note:"[120147][当前时间不允许委托]\r\n[init_date = 20231106, curr_date = 20231106, curr_1100245857"}]
[2023/11/06 16:15:55 CST] [INFO] (tradeApi/trade.(*Api).crontabQueryPosition.func1:418) query position:{"ret":0,"query":[{"gdzh":"A297646549","cbj":4.049,"gpye":2500,"zqdm":"510330","fdyk":-857.5,"ykbl":-8.4712274635713,"sp":"0:0:0:2500","zqmc":"沪深300ETF华夏","sj":3.708,"gpsz":9270,"kyye":2500},{"gdzh":"A297646549","cbj":26.486,"gpye":1200,"zqdm":"601012","fdyk":-3662.71,"ykbl":-11.524065904124,"sp":"0:0:0:1200","zqmc":"隆基绿能","sj":23.45,"gpsz":28140,"kyye":1200},{"gdzh":"A297646549","cbj":0,"gpye":4400,"zqdm":"888880","fdyk":0,"ykbl":0,"sp":"4400:0:0:0","zqmc":"标准券","sj":100,"gpsz":440000,"kyye":0},{"gdzh":"0173381757","cbj":0.5,"gpye":20000,"zqdm":"159967","fdyk":-1400,"ykbl":-14.007003501751,"sp":"0:0:0:20000","zqmc":"创业板成长ETF","sj":0.43,"gpsz":8600,"kyye":20000},{"gdzh":"0173381757","cbj":97.172,"gpye":200,"zqdm":"300274","fdyk":-2050.18,"ykbl":-10.549188864328,"sp":"0:0:0:200","zqmc":"阳光电源","sj":86.99,"gpsz":17398,"kyye":200}]}
[2023/11/06 16:15:56 CST] [INFO] (tradeApi/trade.(*Api).crontabQueryAsset.func1:364) query asset:{"ret":0,"query":[{"djje":440004.5,"sjye":1263.66,"sjzj":1263.66,"orizzc":504671.66,"kyzj":963.66,"zzc":504671.66,"zjye":441268.16,"gpsz":503408,"jzc":504671.66}]}
[2023/11/06 16:15:56 CST] [INFO] (tradeApi/trade.(*Api).crontabQueryAsset.func1:378) asset:kdbtdx.Asset{Account:"9586", Available:963.66, StockValue:0, AssureAsset:504671.66, TotalDebit:0, Balance:504671.66, EnableBailBalance:0, PerAssurescaleValue:0, Sym:"testxq"}
[2023/11/06 16:15:58 CST] [INFO] (tradeApi/trade.(*Api).crontabQueryPosition.func1:418) query position:{"ret":0,"query":[{"gdzh":"A297646549","cbj":4.049,"gpye":2500,"zqdm":"510330","fdyk":-857.5,"ykbl":-8.4712274635713,"sp":"0:0:0:2500","zqmc":"沪深300ETF华夏","sj":3.708,"gpsz":9270,"kyye":2500},{"gdzh":"A297646549","cbj":26.486,"gpye":1200,"zqdm":"601012","fdyk":-3662.71,"ykbl":-11.524065904124,"sp":"0:0:0:1200","zqmc":"隆基绿能","sj":23.45,"gpsz":28140,"kyye":1200},{"gdzh":"A297646549","cbj":0,"gpye":4400,"zqdm":"888880","fdyk":0,"ykbl":0,"sp":"4400:0:0:0","zqmc":"标准券","sj":100,"gpsz":440000,"kyye":0},{"gdzh":"0173381757","cbj":0.5,"gpye":20000,"zqdm":"159967","fdyk":-1400,"ykbl":-14.007003501751,"sp":"0:0:0:20000","zqmc":"创业板成长ETF","sj":0.43,"gpsz":8600,"kyye":20000},{"gdzh":"0173381757","cbj":97.172,"gpye":200,"zqdm":"300274","fdyk":-2050.18,"ykbl":-10.549188864328,"sp":"0:0:0:200","zqmc":"阳光电源","sj":86.99,"gpsz":17398,"kyye":200}]}
[2023/11/06 16:16:01 CST] [INFO] (tradeApi/trade.(*Api).crontabQueryPosition.func1:418) query position:{"ret":0,"query":[{"gdzh":"A297646549","cbj":4.049,"gpye":2500,"zqdm":"510330","fdyk":-857.5,"ykbl":-8.4712274635713,"sp":"0:0:0:2500","zqmc":"沪深300ETF华夏","sj":3.708,"gpsz":9270,"kyye":2500},{"gdzh":"A297646549","cbj":26.486,"gpye":1200,"zqdm":"601012","fdyk":-3662.71,"ykbl":-11.524065904124,"sp":"0:0:0:1200","zqmc":"隆基绿能","sj":23.45,"gpsz":28140,"kyye":1200},{"gdzh":"A297646549","cbj":0,"gpye":4400,"zqdm":"888880","fdyk":0,"ykbl":0,"sp":"4400:0:0:0","zqmc":"标准券","sj":100,"gpsz":440000,"kyye":0},{"gdzh":"0173381757","cbj":0.5,"gpye":20000,"zqdm":"159967","fdyk":-1400,"ykbl":-14.007003501751,"sp":"0:0:0:20000","zqmc":"创业板成长ETF","sj":0.43,"gpsz":8600,"kyye":20000},{"gdzh":"0173381757","cbj":97.172,"gpye":200,"zqdm":"300274","fdyk":-2050.18,"ykbl":-10.549188864328,"sp":"0:0:0:200","zqmc":"阳光电源","sj":86.99,"gpsz":17398,"kyye":200}]}
[2023/11/06 16:16:01 CST] [INFO] (tradeApi/trade.(*Api).crontabQueryAsset.func1:364) query asset:{"ret":0,"query":[{"djje":440004.5,"sjye":1263.66,"sjzj":1263.66,"orizzc":504671.66,"kyzj":963.66,"zzc":504671.66,"zjye":441268.16,"gpsz":503408,"jzc":504671.66}]}
[2023/11/06 16:16:01 CST] [INFO] (tradeApi/trade.(*Api).crontabQueryAsset.func1:378) asset:kdbtdx.Asset{Account:"9586", Available:963.66, StockValue:0, AssureAsset:504671.66, TotalDebit:0, Balance:504671.66, EnableBailBalance:0, PerAssurescaleValue:0, Sym:"testxq"}
[2023/11/06 16:16:02 CST] [DEBG] (github.com/864811699/T0kdb.(*tradeKdb).readFromKdb.func1:107) KDB HeartBeat
[2023/11/06 16:16:04 CST] [INFO] (tradeApi/trade.(*Api).crontabQueryPosition.func1:418) query position:{"ret":0,"query":[{"gdzh":"A297646549","cbj":4.049,"gpye":2500,"zqdm":"510330","fdyk":-857.5,"ykbl":-8.4712274635713,"sp":"0:0:0:2500","zqmc":"沪深300ETF华夏","sj":3.708,"gpsz":9270,"kyye":2500},{"gdzh":"A297646549","cbj":26.486,"gpye":1200,"zqdm":"601012","fdyk":-3662.71,"ykbl":-11.524065904124,"sp":"0:0:0:1200","zqmc":"隆基绿能","sj":23.45,"gpsz":28140,"kyye":1200},{"gdzh":"A297646549","cbj":0,"gpye":4400,"zqdm":"888880","fdyk":0,"ykbl":0,"sp":"4400:0:0:0","zqmc":"标准券","sj":100,"gpsz":440000,"kyye":0},{"gdzh":"0173381757","cbj":0.5,"gpye":20000,"zqdm":"159967","fdyk":-1400,"ykbl":-14.007003501751,"sp":"0:0:0:20000","zqmc":"创业板成长ETF","sj":0.43,"gpsz":8600,"kyye":20000},{"gdzh":"0173381757","cbj":97.172,"gpye":200,"zqdm":"300274","fdyk":-2050.18,"ykbl":-10.549188864328,"sp":"0:0:0:200","zqmc":"阳光电源","sj":86.99,"gpsz":17398,"kyye":200}]}
[2023/11/06 16:16:06 CST] [INFO] (tradeApi/trade.(*Api).crontabQueryAsset.func1:364) query asset:{"ret":0,"query":[{"djje":440004.5,"sjye":1263.66,"sjzj":1263.66,"orizzc":504671.66,"kyzj":963.66,"zzc":504671.66,"zjye":441268.16,"gpsz":503408,"jzc":504671.66}]}
[2023/11/06 16:16:06 CST] [INFO] (tradeApi/trade.(*Api).crontabQueryAsset.func1:378) asset:kdbtdx.Asset{Account:"9586", Available:963.66, StockValue:0, AssureAsset:504671.66, TotalDebit:0, Balance:504671.66, EnableBailBalance:0, PerAssurescaleValue:0, Sym:"testxq"}
[2023/11/06 16:16:07 CST] [INFO] (tradeApi/trade.(*Api).crontabQueryPosition.func1:418) query position:{"ret":0,"query":[{"gdzh":"A297646549","cbj":4.049,"gpye":2500,"zqdm":"510330","fdyk":-857.5,"ykbl":-8.4712274635713,"sp":"0:0:0:2500","zqmc":"沪深300ETF华夏","sj":3.708,"gpsz":9270,"kyye":2500},{"gdzh":"A297646549","cbj":26.486,"gpye":1200,"zqdm":"601012","fdyk":-3662.71,"ykbl":-11.524065904124,"sp":"0:0:0:1200","zqmc":"隆基绿能","sj":23.45,"gpsz":28140,"kyye":1200},{"gdzh":"A297646549","cbj":0,"gpye":4400,"zqdm":"888880","fdyk":0,"ykbl":0,"sp":"4400:0:0:0","zqmc":"标准券","sj":100,"gpsz":440000,"kyye":0},{"gdzh":"0173381757","cbj":0.5,"gpye":20000,"zqdm":"159967","fdyk":-1400,"ykbl":-14.007003501751,"sp":"0:0:0:20000","zqmc":"创业板成长ETF","sj":0.43,"gpsz":8600,"kyye":20000},{"gdzh":"0173381757","cbj":97.172,"gpye":200,"zqdm":"300274","fdyk":-2050.18,"ykbl":-10.549188864328,"sp":"0:0:0:200","zqmc":"阳光电源","sj":86.99,"gpsz":17398,"kyye":200}]}
[2023/11/06 16:16:10 CST] [INFO] (tradeApi/trade.(*Api).crontabQueryPosition.func1:418) query position:{"ret":0,"query":[{"gdzh":"A297646549","cbj":4.049,"gpye":2500,"zqdm":"510330","fdyk":-857.5,"ykbl":-8.4712274635713,"sp":"0:0:0:2500","zqmc":"沪深300ETF华夏","sj":3.708,"gpsz":9270,"kyye":2500},{"gdzh":"A297646549","cbj":26.486,"gpye":1200,"zqdm":"601012","fdyk":-3662.71,"ykbl":-11.524065904124,"sp":"0:0:0:1200","zqmc":"隆基绿能","sj":23.45,"gpsz":28140,"kyye":1200},{"gdzh":"A297646549","cbj":0,"gpye":4400,"zqdm":"888880","fdyk":0,"ykbl":0,"sp":"4400:0:0:0","zqmc":"标准券","sj":100,"gpsz":440000,"kyye":0},{"gdzh":"0173381757","cbj":0.5,"gpye":20000,"zqdm":"159967","fdyk":-1400,"ykbl":-14.007003501751,"sp":"0:0:0:20000","zqmc":"创业板成长ETF","sj":0.43,"gpsz":8600,"kyye":20000},{"gdzh":"0173381757","cbj":97.172,"gpye":200,"zqdm":"300274","fdyk":-2050.18,"ykbl":-10.549188864328,"sp":"0:0:0:200","zqmc":"阳光电源","sj":86.99,"gpsz":17398,"kyye":200}]}
[2023/11/06 16:16:11 CST] [INFO] (tradeApi/trade.(*Api).crontabQueryAsset.func1:364) query asset:{"ret":0,"query":[{"djje":440004.5,"sjye":1263.66,"sjzj":1263.66,"orizzc":504671.66,"kyzj":963.66,"zzc":504671.66,"zjye":441268.16,"gpsz":503408,"jzc":504671.66}]}
[2023/11/06 16:16:11 CST] [INFO] (tradeApi/trade.(*Api).crontabQueryAsset.func1:378) asset:kdbtdx.Asset{Account:"9586", Available:963.66, StockValue:0, AssureAsset:504671.66, TotalDebit:0, Balance:504671.66, EnableBailBalance:0, PerAssurescaleValue:0, Sym:"testxq"}
[2023/11/06 16:16:13 CST] [INFO] (tradeApi/trade.(*Api).crontabQueryPosition.func1:418) query position:{"ret":0,"query":[{"gdzh":"A297646549","cbj":4.049,"gpye":2500,"zqdm":"510330","fdyk":-857.5,"ykbl":-8.4712274635713,"sp":"0:0:0:2500","zqmc":"沪深300ETF华夏","sj":3.708,"gpsz":9270,"kyye":2500},{"gdzh":"A297646549","cbj":26.486,"gpye":1200,"zqdm":"601012","fdyk":-3662.71,"ykbl":-11.524065904124,"sp":"0:0:0:1200","zqmc":"隆基绿能","sj":23.45,"gpsz":28140,"kyye":1200},{"gdzh":"A297646549","cbj":0,"gpye":4400,"zqdm":"888880","fdyk":0,"ykbl":0,"sp":"4400:0:0:0","zqmc":"标准券","sj":100,"gpsz":440000,"kyye":0},{"gdzh":"0173381757","cbj":0.5,"gpye":20000,"zqdm":"159967","fdyk":-1400,"ykbl":-14.007003501751,"sp":"0:0:0:20000","zqmc":"创业板成长ETF","sj":0.43,"gpsz":8600,"kyye":20000},{"gdzh":"0173381757","cbj":97.172,"gpye":200,"zqdm":"300274","fdyk":-2050.18,"ykbl":-10.549188864328,"sp":"0:0:0:200","zqmc":"阳光电源","sj":86.99,"gpsz":17398,"kyye":200}]}
[2023/11/06 16:16:16 CST] [INFO] (tradeApi/trade.(*Api).crontabQueryPosition.func1:418) query position:{"ret":0,"query":[{"gdzh":"A297646549","cbj":4.049,"gpye":2500,"zqdm":"510330","fdyk":-857.5,"ykbl":-8.4712274635713,"sp":"0:0:0:2500","zqmc":"沪深300ETF华夏","sj":3.708,"gpsz":9270,"kyye":2500},{"gdzh":"A297646549","cbj":26.486,"gpye":1200,"zqdm":"601012","fdyk":-3662.71,"ykbl":-11.524065904124,"sp":"0:0:0:1200","zqmc":"隆基绿能","sj":23.45,"gpsz":28140,"kyye":1200},{"gdzh":"A297646549","cbj":0,"gpye":4400,"zqdm":"888880","fdyk":0,"ykbl":0,"sp":"4400:0:0:0","zqmc":"标准券","sj":100,"gpsz":440000,"kyye":0},{"gdzh":"0173381757","cbj":0.5,"gpye":20000,"zqdm":"159967","fdyk":-1400,"ykbl":-14.007003501751,"sp":"0:0:0:20000","zqmc":"创业板成长ETF","sj":0.43,"gpsz":8600,"kyye":20000},{"gdzh":"0173381757","cbj":97.172,"gpye":200,"zqdm":"300274","fdyk":-2050.18,"ykbl":-10.549188864328,"sp":"0:0:0:200","zqmc":"阳光电源","sj":86.99,"gpsz":17398,"kyye":200}]}
[2023/11/06 16:16:16 CST] [INFO] (tradeApi/trade.(*Api).crontabQueryAsset.func1:364) query asset:{"ret":0,"query":[{"djje":440004.5,"sjye":1263.66,"sjzj":1263.66,"orizzc":504671.66,"kyzj":963.66,"zzc":504671.66,"zjye":441268.16,"gpsz":503408,"jzc":504671.66}]}
[2023/11/06 16:16:16 CST] [INFO] (tradeApi/trade.(*Api).crontabQueryAsset.func1:378) asset:kdbtdx.Asset{Account:"9586", Available:963.66, StockValue:0, AssureAsset:504671.66, TotalDebit:0, Balance:504671.66, EnableBailBalance:0, PerAssurescaleValue:0, Sym:"testxq"}
[2023/11/06 16:16:19 CST] [INFO] (tradeApi/trade.(*Api).crontabQueryPosition.func1:418) query position:{"ret":0,"query":[{"gdzh":"A297646549","cbj":4.049,"gpye":2500,"zqdm":"510330","fdyk":-857.5,"ykbl":-8.4712274635713,"sp":"0:0:0:2500","zqmc":"沪深300ETF华夏","sj":3.708,"gpsz":9270,"kyye":2500},{"gdzh":"A297646549","cbj":26.486,"gpye":1200,"zqdm":"601012","fdyk":-3662.71,"ykbl":-11.524065904124,"sp":"0:0:0:1200","zqmc":"隆基绿能","sj":23.45,"gpsz":28140,"kyye":1200},{"gdzh":"A297646549","cbj":0,"gpye":4400,"zqdm":"888880","fdyk":0,"ykbl":0,"sp":"4400:0:0:0","zqmc":"标准券","sj":100,"gpsz":440000,"kyye":0},{"gdzh":"0173381757","cbj":0.5,"gpye":20000,"zqdm":"159967","fdyk":-1400,"ykbl":-14.007003501751,"sp":"0:0:0:20000","zqmc":"创业板成长ETF","sj":0.43,"gpsz":8600,"kyye":20000},{"gdzh":"0173381757","cbj":97.172,"gpye":200,"zqdm":"300274","fdyk":-2050.18,"ykbl":-10.549188864328,"sp":"0:0:0:200","zqmc":"阳光电源","sj":86.99,"gpsz":17398,"kyye":200}]}
[2023/11/06 16:16:21 CST] [INFO] (tradeApi/trade.(*Api).crontabQueryAsset.func1:364) query asset:{"ret":0,"query":[{"djje":440004.5,"sjye":1263.66,"sjzj":1263.66,"orizzc":504671.66,"kyzj":963.66,"zzc":504671.66,"zjye":441268.16,"gpsz":503408,"jzc":504671.66}]}
[2023/11/06 16:16:21 CST] [INFO] (tradeApi/trade.(*Api).crontabQueryAsset.func1:378) asset:kdbtdx.Asset{Account:"9586", Available:963.66, StockValue:0, AssureAsset:504671.66, TotalDebit:0, Balance:504671.66, EnableBailBalance:0, PerAssurescaleValue:0, Sym:"testxq"}
[2023/11/06 16:16:22 CST] [INFO] (tradeApi/trade.(*Api).crontabQueryPosition.func1:418) query position:{"ret":0,"query":[{"gdzh":"A297646549","cbj":4.049,"gpye":2500,"zqdm":"510330","fdyk":-857.5,"ykbl":-8.4712274635713,"sp":"0:0:0:2500","zqmc":"沪深300ETF华夏","sj":3.708,"gpsz":9270,"kyye":2500},{"gdzh":"A297646549","cbj":26.486,"gpye":1200,"zqdm":"601012","fdyk":-3662.71,"ykbl":-11.524065904124,"sp":"0:0:0:1200","zqmc":"隆基绿能","sj":23.45,"gpsz":28140,"kyye":1200},{"gdzh":"A297646549","cbj":0,"gpye":4400,"zqdm":"888880","fdyk":0,"ykbl":0,"sp":"4400:0:0:0","zqmc":"标准券","sj":100,"gpsz":440000,"kyye":0},{"gdzh":"0173381757","cbj":0.5,"gpye":20000,"zqdm":"159967","fdyk":-1400,"ykbl":-14.007003501751,"sp":"0:0:0:20000","zqmc":"创业板成长ETF","sj":0.43,"gpsz":8600,"kyye":20000},{"gdzh":"0173381757","cbj":97.172,"gpye":200,"zqdm":"300274","fdyk":-2050.18,"ykbl":-10.549188864328,"sp":"0:0:0:200","zqmc":"阳光电源","sj":86.99,"gpsz":17398,"kyye":200}]}
[2023/11/06 16:16:22 CST] [DEBG] (github.com/864811699/T0kdb.(*tradeKdb).readFromKdb.func1:107) KDB HeartBeat
[2023/11/06 16:16:25 CST] [INFO] (tradeApi/trade.(*Api).crontabQueryPosition.func1:418) query position:{"ret":0,"query":[{"gdzh":"A297646549","cbj":4.049,"gpye":2500,"zqdm":"510330","fdyk":-857.5,"ykbl":-8.4712274635713,"sp":"0:0:0:2500","zqmc":"沪深300ETF华夏","sj":3.708,"gpsz":9270,"kyye":2500},{"gdzh":"A297646549","cbj":26.486,"gpye":1200,"zqdm":"601012","fdyk":-3662.71,"ykbl":-11.524065904124,"sp":"0:0:0:1200","zqmc":"隆基绿能","sj":23.45,"gpsz":28140,"kyye":1200},{"gdzh":"A297646549","cbj":0,"gpye":4400,"zqdm":"888880","fdyk":0,"ykbl":0,"sp":"4400:0:0:0","zqmc":"标准券","sj":100,"gpsz":440000,"kyye":0},{"gdzh":"0173381757","cbj":0.5,"gpye":20000,"zqdm":"159967","fdyk":-1400,"ykbl":-14.007003501751,"sp":"0:0:0:20000","zqmc":"创业板成长ETF","sj":0.43,"gpsz":8600,"kyye":20000},{"gdzh":"0173381757","cbj":97.172,"gpye":200,"zqdm":"300274","fdyk":-2050.18,"ykbl":-10.549188864328,"sp":"0:0:0:200","zqmc":"阳光电源","sj":86.99,"gpsz":17398,"kyye":200}]}
[2023/11/06 16:16:26 CST] [INFO] (tradeApi/trade.(*Api).crontabQueryAsset.func1:364) query asset:{"ret":0,"query":[{"djje":440004.5,"sjye":1263.66,"sjzj":1263.66,"orizzc":504671.66,"kyzj":963.66,"zzc":504671.66,"zjye":441268.16,"gpsz":503408,"jzc":504671.66}]}
[2023/11/06 16:16:26 CST] [INFO] (tradeApi/trade.(*Api).crontabQueryAsset.func1:378) asset:kdbtdx.Asset{Account:"9586", Available:963.66, StockValue:0, AssureAsset:504671.66, TotalDebit:0, Balance:504671.66, EnableBailBalance:0, PerAssurescaleValue:0, Sym:"testxq"}
[2023/11/06 16:16:28 CST] [INFO] (tradeApi/trade.(*Api).crontabQueryPosition.func1:418) query position:{"ret":0,"query":[{"gdzh":"A297646549","cbj":4.049,"gpye":2500,"zqdm":"510330","fdyk":-857.5,"ykbl":-8.4712274635713,"sp":"0:0:0:2500","zqmc":"沪深300ETF华夏","sj":3.708,"gpsz":9270,"kyye":2500},{"gdzh":"A297646549","cbj":26.486,"gpye":1200,"zqdm":"601012","fdyk":-3662.71,"ykbl":-11.524065904124,"sp":"0:0:0:1200","zqmc":"隆基绿能","sj":23.45,"gpsz":28140,"kyye":1200},{"gdzh":"A297646549","cbj":0,"gpye":4400,"zqdm":"888880","fdyk":0,"ykbl":0,"sp":"4400:0:0:0","zqmc":"标准券","sj":100,"gpsz":440000,"kyye":0},{"gdzh":"0173381757","cbj":0.5,"gpye":20000,"zqdm":"159967","fdyk":-1400,"ykbl":-14.007003501751,"sp":"0:0:0:20000","zqmc":"创业板成长ETF","sj":0.43,"gpsz":8600,"kyye":20000},{"gdzh":"0173381757","cbj":97.172,"gpye":200,"zqdm":"300274","fdyk":-2050.18,"ykbl":-10.549188864328,"sp":"0:0:0:200","zqmc":"阳光电源","sj":86.99,"gpsz":17398,"kyye":200}]}
[2023/11/06 16:16:29 CST] [DEBG] (github.com/864811699/T0kdb.(*tradeKdb).stop:391) trade engine is stopping
[2023/11/06 16:16:29 CST] [EROR] (github.com/864811699/T0kdb.(*tradeKdb).readFromKdb.func1:82) read KDB message error: Failed to read message header:read tcp 192.168.2.100:58370->115.238.186.119:40000: use of closed network connection
